Flokkr launcher script 1.1-25-gd3c5e10

===== Plugin is activated ENVTOCONF =====
core-site.xml
File core-site.xml has been written out successfullly.
ozone-site.xml
File ozone-site.xml has been written out successfullly.
log4j.properties
File log4j.properties has been written out successfullly.
mapred-site.xml
File mapred-site.xml has been written out successfullly.
======================================
*** Launching "/opt/test/test.sh"
+++++++++++++++++++ seq 1 48
++++++++++++++++++ for i in `seq 1 48`
++++++++++++++++++ sudo rm -rf /data/disk1/elek
++++++++++++++++++ for i in `seq 1 48`
++++++++++++++++++ sudo rm -rf /data/disk2/elek
++++++++++++++++++ for i in `seq 1 48`
++++++++++++++++++ sudo rm -rf /data/disk3/elek
++++++++++++++++++ for i in `seq 1 48`
++++++++++++++++++ sudo rm -rf /data/disk4/elek
++++++++++++++++++ for i in `seq 1 48`
++++++++++++++++++ sudo rm -rf /data/disk5/elek
++++++++++++++++++ for i in `seq 1 48`
++++++++++++++++++ sudo rm -rf /data/disk6/elek
++++++++++++++++++ for i in `seq 1 48`
++++++++++++++++++ sudo rm -rf /data/disk7/elek
++++++++++++++++++ for i in `seq 1 48`
++++++++++++++++++ sudo rm -rf /data/disk8/elek
++++++++++++++++++ for i in `seq 1 48`
++++++++++++++++++ sudo rm -rf /data/disk9/elek
++++++++++++++++++ for i in `seq 1 48`
++++++++++++++++++ sudo rm -rf /data/disk10/elek
++++++++++++++++++ for i in `seq 1 48`
++++++++++++++++++ sudo rm -rf /data/disk11/elek
++++++++++++++++++ for i in `seq 1 48`
++++++++++++++++++ sudo rm -rf /data/disk12/elek
++++++++++++++++++ for i in `seq 1 48`
++++++++++++++++++ sudo rm -rf /data/disk13/elek
++++++++++++++++++ for i in `seq 1 48`
++++++++++++++++++ sudo rm -rf /data/disk14/elek
++++++++++++++++++ for i in `seq 1 48`
++++++++++++++++++ sudo rm -rf /data/disk15/elek
++++++++++++++++++ for i in `seq 1 48`
++++++++++++++++++ sudo rm -rf /data/disk16/elek
++++++++++++++++++ for i in `seq 1 48`
++++++++++++++++++ sudo rm -rf /data/disk17/elek
++++++++++++++++++ for i in `seq 1 48`
++++++++++++++++++ sudo rm -rf /data/disk18/elek
++++++++++++++++++ for i in `seq 1 48`
++++++++++++++++++ sudo rm -rf /data/disk19/elek
++++++++++++++++++ for i in `seq 1 48`
++++++++++++++++++ sudo rm -rf /data/disk20/elek
++++++++++++++++++ for i in `seq 1 48`
++++++++++++++++++ sudo rm -rf /data/disk21/elek
++++++++++++++++++ for i in `seq 1 48`
++++++++++++++++++ sudo rm -rf /data/disk22/elek
++++++++++++++++++ for i in `seq 1 48`
++++++++++++++++++ sudo rm -rf /data/disk23/elek
++++++++++++++++++ for i in `seq 1 48`
++++++++++++++++++ sudo rm -rf /data/disk24/elek
++++++++++++++++++ for i in `seq 1 48`
++++++++++++++++++ sudo rm -rf /data/disk25/elek
++++++++++++++++++ for i in `seq 1 48`
++++++++++++++++++ sudo rm -rf /data/disk26/elek
++++++++++++++++++ for i in `seq 1 48`
++++++++++++++++++ sudo rm -rf /data/disk27/elek
++++++++++++++++++ for i in `seq 1 48`
++++++++++++++++++ sudo rm -rf /data/disk28/elek
++++++++++++++++++ for i in `seq 1 48`
++++++++++++++++++ sudo rm -rf /data/disk29/elek
++++++++++++++++++ for i in `seq 1 48`
++++++++++++++++++ sudo rm -rf /data/disk30/elek
++++++++++++++++++ for i in `seq 1 48`
++++++++++++++++++ sudo rm -rf /data/disk31/elek
++++++++++++++++++ for i in `seq 1 48`
++++++++++++++++++ sudo rm -rf /data/disk32/elek
++++++++++++++++++ for i in `seq 1 48`
++++++++++++++++++ sudo rm -rf /data/disk33/elek
++++++++++++++++++ for i in `seq 1 48`
++++++++++++++++++ sudo rm -rf /data/disk34/elek
++++++++++++++++++ for i in `seq 1 48`
++++++++++++++++++ sudo rm -rf /data/disk35/elek
++++++++++++++++++ for i in `seq 1 48`
++++++++++++++++++ sudo rm -rf /data/disk36/elek
++++++++++++++++++ for i in `seq 1 48`
++++++++++++++++++ sudo rm -rf /data/disk37/elek
++++++++++++++++++ for i in `seq 1 48`
++++++++++++++++++ sudo rm -rf /data/disk38/elek
++++++++++++++++++ for i in `seq 1 48`
++++++++++++++++++ sudo rm -rf /data/disk39/elek
++++++++++++++++++ for i in `seq 1 48`
++++++++++++++++++ sudo rm -rf /data/disk40/elek
++++++++++++++++++ for i in `seq 1 48`
++++++++++++++++++ sudo rm -rf /data/disk41/elek
++++++++++++++++++ for i in `seq 1 48`
++++++++++++++++++ sudo rm -rf /data/disk42/elek
++++++++++++++++++ for i in `seq 1 48`
++++++++++++++++++ sudo rm -rf /data/disk43/elek
++++++++++++++++++ for i in `seq 1 48`
++++++++++++++++++ sudo rm -rf /data/disk44/elek
++++++++++++++++++ for i in `seq 1 48`
++++++++++++++++++ sudo rm -rf /data/disk45/elek
++++++++++++++++++ for i in `seq 1 48`
++++++++++++++++++ sudo rm -rf /data/disk46/elek
++++++++++++++++++ for i in `seq 1 48`
++++++++++++++++++ sudo rm -rf /data/disk47/elek
++++++++++++++++++ for i in `seq 1 48`
++++++++++++++++++ sudo rm -rf /data/disk48/elek
+++++++++++++++++++ seq 1 48
++++++++++++++++++ for i in `seq 1 48`
++++++++++++++++++ sudo mkdir /data/disk1/elek
++++++++++++++++++ for i in `seq 1 48`
++++++++++++++++++ sudo mkdir /data/disk2/elek
++++++++++++++++++ for i in `seq 1 48`
++++++++++++++++++ sudo mkdir /data/disk3/elek
++++++++++++++++++ for i in `seq 1 48`
++++++++++++++++++ sudo mkdir /data/disk4/elek
++++++++++++++++++ for i in `seq 1 48`
++++++++++++++++++ sudo mkdir /data/disk5/elek
++++++++++++++++++ for i in `seq 1 48`
++++++++++++++++++ sudo mkdir /data/disk6/elek
++++++++++++++++++ for i in `seq 1 48`
++++++++++++++++++ sudo mkdir /data/disk7/elek
++++++++++++++++++ for i in `seq 1 48`
++++++++++++++++++ sudo mkdir /data/disk8/elek
++++++++++++++++++ for i in `seq 1 48`
++++++++++++++++++ sudo mkdir /data/disk9/elek
++++++++++++++++++ for i in `seq 1 48`
++++++++++++++++++ sudo mkdir /data/disk10/elek
++++++++++++++++++ for i in `seq 1 48`
++++++++++++++++++ sudo mkdir /data/disk11/elek
++++++++++++++++++ for i in `seq 1 48`
++++++++++++++++++ sudo mkdir /data/disk12/elek
++++++++++++++++++ for i in `seq 1 48`
++++++++++++++++++ sudo mkdir /data/disk13/elek
++++++++++++++++++ for i in `seq 1 48`
++++++++++++++++++ sudo mkdir /data/disk14/elek
++++++++++++++++++ for i in `seq 1 48`
++++++++++++++++++ sudo mkdir /data/disk15/elek
++++++++++++++++++ for i in `seq 1 48`
++++++++++++++++++ sudo mkdir /data/disk16/elek
++++++++++++++++++ for i in `seq 1 48`
++++++++++++++++++ sudo mkdir /data/disk17/elek
++++++++++++++++++ for i in `seq 1 48`
++++++++++++++++++ sudo mkdir /data/disk18/elek
++++++++++++++++++ for i in `seq 1 48`
++++++++++++++++++ sudo mkdir /data/disk19/elek
++++++++++++++++++ for i in `seq 1 48`
++++++++++++++++++ sudo mkdir /data/disk20/elek
++++++++++++++++++ for i in `seq 1 48`
++++++++++++++++++ sudo mkdir /data/disk21/elek
++++++++++++++++++ for i in `seq 1 48`
++++++++++++++++++ sudo mkdir /data/disk22/elek
++++++++++++++++++ for i in `seq 1 48`
++++++++++++++++++ sudo mkdir /data/disk23/elek
++++++++++++++++++ for i in `seq 1 48`
++++++++++++++++++ sudo mkdir /data/disk24/elek
++++++++++++++++++ for i in `seq 1 48`
++++++++++++++++++ sudo mkdir /data/disk25/elek
++++++++++++++++++ for i in `seq 1 48`
++++++++++++++++++ sudo mkdir /data/disk26/elek
++++++++++++++++++ for i in `seq 1 48`
++++++++++++++++++ sudo mkdir /data/disk27/elek
++++++++++++++++++ for i in `seq 1 48`
++++++++++++++++++ sudo mkdir /data/disk28/elek
++++++++++++++++++ for i in `seq 1 48`
++++++++++++++++++ sudo mkdir /data/disk29/elek
++++++++++++++++++ for i in `seq 1 48`
++++++++++++++++++ sudo mkdir /data/disk30/elek
++++++++++++++++++ for i in `seq 1 48`
++++++++++++++++++ sudo mkdir /data/disk31/elek
++++++++++++++++++ for i in `seq 1 48`
++++++++++++++++++ sudo mkdir /data/disk32/elek
++++++++++++++++++ for i in `seq 1 48`
++++++++++++++++++ sudo mkdir /data/disk33/elek
++++++++++++++++++ for i in `seq 1 48`
++++++++++++++++++ sudo mkdir /data/disk34/elek
++++++++++++++++++ for i in `seq 1 48`
++++++++++++++++++ sudo mkdir /data/disk35/elek
++++++++++++++++++ for i in `seq 1 48`
++++++++++++++++++ sudo mkdir /data/disk36/elek
++++++++++++++++++ for i in `seq 1 48`
++++++++++++++++++ sudo mkdir /data/disk37/elek
++++++++++++++++++ for i in `seq 1 48`
++++++++++++++++++ sudo mkdir /data/disk38/elek
++++++++++++++++++ for i in `seq 1 48`
++++++++++++++++++ sudo mkdir /data/disk39/elek
++++++++++++++++++ for i in `seq 1 48`
++++++++++++++++++ sudo mkdir /data/disk40/elek
++++++++++++++++++ for i in `seq 1 48`
++++++++++++++++++ sudo mkdir /data/disk41/elek
++++++++++++++++++ for i in `seq 1 48`
++++++++++++++++++ sudo mkdir /data/disk42/elek
++++++++++++++++++ for i in `seq 1 48`
++++++++++++++++++ sudo mkdir /data/disk43/elek
++++++++++++++++++ for i in `seq 1 48`
++++++++++++++++++ sudo mkdir /data/disk44/elek
++++++++++++++++++ for i in `seq 1 48`
++++++++++++++++++ sudo mkdir /data/disk45/elek
++++++++++++++++++ for i in `seq 1 48`
++++++++++++++++++ sudo mkdir /data/disk46/elek
++++++++++++++++++ for i in `seq 1 48`
++++++++++++++++++ sudo mkdir /data/disk47/elek
++++++++++++++++++ for i in `seq 1 48`
++++++++++++++++++ sudo mkdir /data/disk48/elek
+++++++++++++++++++ seq 1 48
++++++++++++++++++ for i in `seq 1 48`
++++++++++++++++++ sudo chmod 777 /data/disk1/elek
++++++++++++++++++ for i in `seq 1 48`
++++++++++++++++++ sudo chmod 777 /data/disk2/elek
++++++++++++++++++ for i in `seq 1 48`
++++++++++++++++++ sudo chmod 777 /data/disk3/elek
++++++++++++++++++ for i in `seq 1 48`
++++++++++++++++++ sudo chmod 777 /data/disk4/elek
++++++++++++++++++ for i in `seq 1 48`
++++++++++++++++++ sudo chmod 777 /data/disk5/elek
++++++++++++++++++ for i in `seq 1 48`
++++++++++++++++++ sudo chmod 777 /data/disk6/elek
++++++++++++++++++ for i in `seq 1 48`
++++++++++++++++++ sudo chmod 777 /data/disk7/elek
++++++++++++++++++ for i in `seq 1 48`
++++++++++++++++++ sudo chmod 777 /data/disk8/elek
++++++++++++++++++ for i in `seq 1 48`
++++++++++++++++++ sudo chmod 777 /data/disk9/elek
++++++++++++++++++ for i in `seq 1 48`
++++++++++++++++++ sudo chmod 777 /data/disk10/elek
++++++++++++++++++ for i in `seq 1 48`
++++++++++++++++++ sudo chmod 777 /data/disk11/elek
++++++++++++++++++ for i in `seq 1 48`
++++++++++++++++++ sudo chmod 777 /data/disk12/elek
++++++++++++++++++ for i in `seq 1 48`
++++++++++++++++++ sudo chmod 777 /data/disk13/elek
++++++++++++++++++ for i in `seq 1 48`
++++++++++++++++++ sudo chmod 777 /data/disk14/elek
++++++++++++++++++ for i in `seq 1 48`
++++++++++++++++++ sudo chmod 777 /data/disk15/elek
++++++++++++++++++ for i in `seq 1 48`
++++++++++++++++++ sudo chmod 777 /data/disk16/elek
++++++++++++++++++ for i in `seq 1 48`
++++++++++++++++++ sudo chmod 777 /data/disk17/elek
++++++++++++++++++ for i in `seq 1 48`
++++++++++++++++++ sudo chmod 777 /data/disk18/elek
++++++++++++++++++ for i in `seq 1 48`
++++++++++++++++++ sudo chmod 777 /data/disk19/elek
++++++++++++++++++ for i in `seq 1 48`
++++++++++++++++++ sudo chmod 777 /data/disk20/elek
++++++++++++++++++ for i in `seq 1 48`
++++++++++++++++++ sudo chmod 777 /data/disk21/elek
++++++++++++++++++ for i in `seq 1 48`
++++++++++++++++++ sudo chmod 777 /data/disk22/elek
++++++++++++++++++ for i in `seq 1 48`
++++++++++++++++++ sudo chmod 777 /data/disk23/elek
++++++++++++++++++ for i in `seq 1 48`
++++++++++++++++++ sudo chmod 777 /data/disk24/elek
++++++++++++++++++ for i in `seq 1 48`
++++++++++++++++++ sudo chmod 777 /data/disk25/elek
++++++++++++++++++ for i in `seq 1 48`
++++++++++++++++++ sudo chmod 777 /data/disk26/elek
++++++++++++++++++ for i in `seq 1 48`
++++++++++++++++++ sudo chmod 777 /data/disk27/elek
++++++++++++++++++ for i in `seq 1 48`
++++++++++++++++++ sudo chmod 777 /data/disk28/elek
++++++++++++++++++ for i in `seq 1 48`
++++++++++++++++++ sudo chmod 777 /data/disk29/elek
++++++++++++++++++ for i in `seq 1 48`
++++++++++++++++++ sudo chmod 777 /data/disk30/elek
++++++++++++++++++ for i in `seq 1 48`
++++++++++++++++++ sudo chmod 777 /data/disk31/elek
++++++++++++++++++ for i in `seq 1 48`
++++++++++++++++++ sudo chmod 777 /data/disk32/elek
++++++++++++++++++ for i in `seq 1 48`
++++++++++++++++++ sudo chmod 777 /data/disk33/elek
++++++++++++++++++ for i in `seq 1 48`
++++++++++++++++++ sudo chmod 777 /data/disk34/elek
++++++++++++++++++ for i in `seq 1 48`
++++++++++++++++++ sudo chmod 777 /data/disk35/elek
++++++++++++++++++ for i in `seq 1 48`
++++++++++++++++++ sudo chmod 777 /data/disk36/elek
++++++++++++++++++ for i in `seq 1 48`
++++++++++++++++++ sudo chmod 777 /data/disk37/elek
++++++++++++++++++ for i in `seq 1 48`
++++++++++++++++++ sudo chmod 777 /data/disk38/elek
++++++++++++++++++ for i in `seq 1 48`
++++++++++++++++++ sudo chmod 777 /data/disk39/elek
++++++++++++++++++ for i in `seq 1 48`
++++++++++++++++++ sudo chmod 777 /data/disk40/elek
++++++++++++++++++ for i in `seq 1 48`
++++++++++++++++++ sudo chmod 777 /data/disk41/elek
++++++++++++++++++ for i in `seq 1 48`
++++++++++++++++++ sudo chmod 777 /data/disk42/elek
++++++++++++++++++ for i in `seq 1 48`
++++++++++++++++++ sudo chmod 777 /data/disk43/elek
++++++++++++++++++ for i in `seq 1 48`
++++++++++++++++++ sudo chmod 777 /data/disk44/elek
++++++++++++++++++ for i in `seq 1 48`
++++++++++++++++++ sudo chmod 777 /data/disk45/elek
++++++++++++++++++ for i in `seq 1 48`
++++++++++++++++++ sudo chmod 777 /data/disk46/elek
++++++++++++++++++ for i in `seq 1 48`
++++++++++++++++++ sudo chmod 777 /data/disk47/elek
++++++++++++++++++ for i in `seq 1 48`
++++++++++++++++++ sudo chmod 777 /data/disk48/elek
++++++++++++++++++ sync

real	0m1.052s
user	0m0.000s
sys	0m0.008s
+++++++++++++++++++ date +%s.%N
++++++++++++++++++ START_TIME=1612870230.122765924
+++++++++++++++++++ numfmt --from=iec 4M
++++++++++++++++++ ozone freon --verbose cmdw -n250000 -s4194304 -t48 -l FILE_PER_BLOCK
WARNING: HADOOP_OPTS has been deprecated by OZONE_OPTS.
2021-02-09 11:30:30 INFO  MetricsConfig:120 - Loaded properties from hadoop-metrics2.properties
2021-02-09 11:30:30 INFO  MetricsSystemImpl:378 - Scheduled Metric snapshot period at 10 second(s).
2021-02-09 11:30:30 INFO  MetricsSystemImpl:191 - ozone-freon metrics system started
2021-02-09 11:30:30 INFO  BaseFreonGenerator:256 - Executing test with prefix a6o8s8gwoc
2021-02-09 11:30:30 INFO  ProgressBar:163 - Progress: 0.00 % (0 out of 250000)
2021-02-09 11:30:30 INFO  SaveSpaceUsageToFile:94 - Cached usage info file /data/disk2/elek/scmUsed not found
2021-02-09 11:30:30 INFO  HddsVolume:176 - Creating Volume: /data/disk2/elek/hdds of storage type : DISK and capacity : 5999038128128
2021-02-09 11:30:31 INFO  MutableVolumeSet:179 - Added Volume : /data/disk2/elek/hdds to VolumeSet
2021-02-09 11:30:31 INFO  SaveSpaceUsageToFile:94 - Cached usage info file /data/disk3/elek/scmUsed not found
2021-02-09 11:30:31 INFO  HddsVolume:176 - Creating Volume: /data/disk3/elek/hdds of storage type : DISK and capacity : 5999038128128
2021-02-09 11:30:31 INFO  MutableVolumeSet:179 - Added Volume : /data/disk3/elek/hdds to VolumeSet
2021-02-09 11:30:31 INFO  SaveSpaceUsageToFile:94 - Cached usage info file /data/disk4/elek/scmUsed not found
2021-02-09 11:30:31 INFO  HddsVolume:176 - Creating Volume: /data/disk4/elek/hdds of storage type : DISK and capacity : 5999038128128
2021-02-09 11:30:31 INFO  MutableVolumeSet:179 - Added Volume : /data/disk4/elek/hdds to VolumeSet
2021-02-09 11:30:31 INFO  SaveSpaceUsageToFile:94 - Cached usage info file /data/disk5/elek/scmUsed not found
2021-02-09 11:30:31 INFO  HddsVolume:176 - Creating Volume: /data/disk5/elek/hdds of storage type : DISK and capacity : 5999038128128
2021-02-09 11:30:31 INFO  MutableVolumeSet:179 - Added Volume : /data/disk5/elek/hdds to VolumeSet
2021-02-09 11:30:31 INFO  SaveSpaceUsageToFile:94 - Cached usage info file /data/disk6/elek/scmUsed not found
2021-02-09 11:30:31 INFO  HddsVolume:176 - Creating Volume: /data/disk6/elek/hdds of storage type : DISK and capacity : 5999038128128
2021-02-09 11:30:31 INFO  MutableVolumeSet:179 - Added Volume : /data/disk6/elek/hdds to VolumeSet
2021-02-09 11:30:31 INFO  SaveSpaceUsageToFile:94 - Cached usage info file /data/disk7/elek/scmUsed not found
2021-02-09 11:30:31 INFO  HddsVolume:176 - Creating Volume: /data/disk7/elek/hdds of storage type : DISK and capacity : 5999038128128
2021-02-09 11:30:31 INFO  MutableVolumeSet:179 - Added Volume : /data/disk7/elek/hdds to VolumeSet
2021-02-09 11:30:31 INFO  SaveSpaceUsageToFile:94 - Cached usage info file /data/disk8/elek/scmUsed not found
2021-02-09 11:30:31 INFO  HddsVolume:176 - Creating Volume: /data/disk8/elek/hdds of storage type : DISK and capacity : 5999038128128
2021-02-09 11:30:31 INFO  MutableVolumeSet:179 - Added Volume : /data/disk8/elek/hdds to VolumeSet
2021-02-09 11:30:31 INFO  SaveSpaceUsageToFile:94 - Cached usage info file /data/disk9/elek/scmUsed not found
2021-02-09 11:30:31 INFO  HddsVolume:176 - Creating Volume: /data/disk9/elek/hdds of storage type : DISK and capacity : 5999038128128
2021-02-09 11:30:31 INFO  ProgressBar:163 - Progress: 0.00 % (0 out of 250000)
2021-02-09 11:30:31 INFO  MutableVolumeSet:179 - Added Volume : /data/disk9/elek/hdds to VolumeSet
2021-02-09 11:30:31 INFO  SaveSpaceUsageToFile:94 - Cached usage info file /data/disk10/elek/scmUsed not found
2021-02-09 11:30:31 INFO  HddsVolume:176 - Creating Volume: /data/disk10/elek/hdds of storage type : DISK and capacity : 5999038128128
2021-02-09 11:30:32 INFO  MutableVolumeSet:179 - Added Volume : /data/disk10/elek/hdds to VolumeSet
2021-02-09 11:30:32 INFO  SaveSpaceUsageToFile:94 - Cached usage info file /data/disk11/elek/scmUsed not found
2021-02-09 11:30:32 INFO  HddsVolume:176 - Creating Volume: /data/disk11/elek/hdds of storage type : DISK and capacity : 5999038128128
2021-02-09 11:30:32 INFO  MutableVolumeSet:179 - Added Volume : /data/disk11/elek/hdds to VolumeSet
2021-02-09 11:30:32 INFO  SaveSpaceUsageToFile:94 - Cached usage info file /data/disk12/elek/scmUsed not found
2021-02-09 11:30:32 INFO  HddsVolume:176 - Creating Volume: /data/disk12/elek/hdds of storage type : DISK and capacity : 5999038128128
2021-02-09 11:30:32 INFO  MutableVolumeSet:179 - Added Volume : /data/disk12/elek/hdds to VolumeSet
2021-02-09 11:30:32 INFO  SaveSpaceUsageToFile:94 - Cached usage info file /data/disk13/elek/scmUsed not found
2021-02-09 11:30:32 INFO  HddsVolume:176 - Creating Volume: /data/disk13/elek/hdds of storage type : DISK and capacity : 5999038128128
2021-02-09 11:30:32 INFO  MutableVolumeSet:179 - Added Volume : /data/disk13/elek/hdds to VolumeSet
2021-02-09 11:30:32 INFO  SaveSpaceUsageToFile:94 - Cached usage info file /data/disk14/elek/scmUsed not found
2021-02-09 11:30:32 INFO  HddsVolume:176 - Creating Volume: /data/disk14/elek/hdds of storage type : DISK and capacity : 5999038128128
2021-02-09 11:30:32 INFO  MutableVolumeSet:179 - Added Volume : /data/disk14/elek/hdds to VolumeSet
2021-02-09 11:30:32 INFO  SaveSpaceUsageToFile:94 - Cached usage info file /data/disk15/elek/scmUsed not found
2021-02-09 11:30:32 INFO  HddsVolume:176 - Creating Volume: /data/disk15/elek/hdds of storage type : DISK and capacity : 5999038128128
2021-02-09 11:30:32 INFO  MutableVolumeSet:179 - Added Volume : /data/disk15/elek/hdds to VolumeSet
2021-02-09 11:30:32 INFO  SaveSpaceUsageToFile:94 - Cached usage info file /data/disk16/elek/scmUsed not found
2021-02-09 11:30:32 INFO  HddsVolume:176 - Creating Volume: /data/disk16/elek/hdds of storage type : DISK and capacity : 5999038128128
2021-02-09 11:30:32 INFO  ProgressBar:163 - Progress: 0.00 % (0 out of 250000)
2021-02-09 11:30:32 INFO  MutableVolumeSet:179 - Added Volume : /data/disk16/elek/hdds to VolumeSet
2021-02-09 11:30:32 INFO  SaveSpaceUsageToFile:94 - Cached usage info file /data/disk17/elek/scmUsed not found
2021-02-09 11:30:32 INFO  HddsVolume:176 - Creating Volume: /data/disk17/elek/hdds of storage type : DISK and capacity : 5999038128128
2021-02-09 11:30:33 INFO  MutableVolumeSet:179 - Added Volume : /data/disk17/elek/hdds to VolumeSet
2021-02-09 11:30:33 INFO  SaveSpaceUsageToFile:94 - Cached usage info file /data/disk18/elek/scmUsed not found
2021-02-09 11:30:33 INFO  HddsVolume:176 - Creating Volume: /data/disk18/elek/hdds of storage type : DISK and capacity : 5999038128128
2021-02-09 11:30:33 INFO  MutableVolumeSet:179 - Added Volume : /data/disk18/elek/hdds to VolumeSet
2021-02-09 11:30:33 INFO  SaveSpaceUsageToFile:94 - Cached usage info file /data/disk19/elek/scmUsed not found
2021-02-09 11:30:33 INFO  HddsVolume:176 - Creating Volume: /data/disk19/elek/hdds of storage type : DISK and capacity : 5999038128128
2021-02-09 11:30:33 INFO  MutableVolumeSet:179 - Added Volume : /data/disk19/elek/hdds to VolumeSet
2021-02-09 11:30:33 INFO  SaveSpaceUsageToFile:94 - Cached usage info file /data/disk20/elek/scmUsed not found
2021-02-09 11:30:33 INFO  HddsVolume:176 - Creating Volume: /data/disk20/elek/hdds of storage type : DISK and capacity : 5999038128128
2021-02-09 11:30:33 INFO  MutableVolumeSet:179 - Added Volume : /data/disk20/elek/hdds to VolumeSet
2021-02-09 11:30:33 INFO  SaveSpaceUsageToFile:94 - Cached usage info file /data/disk21/elek/scmUsed not found
2021-02-09 11:30:33 INFO  HddsVolume:176 - Creating Volume: /data/disk21/elek/hdds of storage type : DISK and capacity : 5999038128128
2021-02-09 11:30:33 INFO  MutableVolumeSet:179 - Added Volume : /data/disk21/elek/hdds to VolumeSet
2021-02-09 11:30:33 INFO  SaveSpaceUsageToFile:94 - Cached usage info file /data/disk22/elek/scmUsed not found
2021-02-09 11:30:33 INFO  HddsVolume:176 - Creating Volume: /data/disk22/elek/hdds of storage type : DISK and capacity : 5999038128128
2021-02-09 11:30:33 INFO  MutableVolumeSet:179 - Added Volume : /data/disk22/elek/hdds to VolumeSet
2021-02-09 11:30:33 INFO  SaveSpaceUsageToFile:94 - Cached usage info file /data/disk23/elek/scmUsed not found
2021-02-09 11:30:33 INFO  HddsVolume:176 - Creating Volume: /data/disk23/elek/hdds of storage type : DISK and capacity : 5999038128128
2021-02-09 11:30:33 INFO  MutableVolumeSet:179 - Added Volume : /data/disk23/elek/hdds to VolumeSet
2021-02-09 11:30:33 INFO  SaveSpaceUsageToFile:94 - Cached usage info file /data/disk24/elek/scmUsed not found
2021-02-09 11:30:33 INFO  HddsVolume:176 - Creating Volume: /data/disk24/elek/hdds of storage type : DISK and capacity : 5999038128128
2021-02-09 11:30:33 INFO  ProgressBar:163 - Progress: 0.00 % (0 out of 250000)
2021-02-09 11:30:34 INFO  MutableVolumeSet:179 - Added Volume : /data/disk24/elek/hdds to VolumeSet
2021-02-09 11:30:34 INFO  SaveSpaceUsageToFile:94 - Cached usage info file /data/disk25/elek/scmUsed not found
2021-02-09 11:30:34 INFO  HddsVolume:176 - Creating Volume: /data/disk25/elek/hdds of storage type : DISK and capacity : 5999038128128
2021-02-09 11:30:34 INFO  MutableVolumeSet:179 - Added Volume : /data/disk25/elek/hdds to VolumeSet
2021-02-09 11:30:34 INFO  SaveSpaceUsageToFile:94 - Cached usage info file /data/disk26/elek/scmUsed not found
2021-02-09 11:30:34 INFO  HddsVolume:176 - Creating Volume: /data/disk26/elek/hdds of storage type : DISK and capacity : 5999038128128
2021-02-09 11:30:34 INFO  MutableVolumeSet:179 - Added Volume : /data/disk26/elek/hdds to VolumeSet
2021-02-09 11:30:34 INFO  SaveSpaceUsageToFile:94 - Cached usage info file /data/disk27/elek/scmUsed not found
2021-02-09 11:30:34 INFO  HddsVolume:176 - Creating Volume: /data/disk27/elek/hdds of storage type : DISK and capacity : 5999038128128
2021-02-09 11:30:34 INFO  MutableVolumeSet:179 - Added Volume : /data/disk27/elek/hdds to VolumeSet
2021-02-09 11:30:34 INFO  SaveSpaceUsageToFile:94 - Cached usage info file /data/disk28/elek/scmUsed not found
2021-02-09 11:30:34 INFO  HddsVolume:176 - Creating Volume: /data/disk28/elek/hdds of storage type : DISK and capacity : 5999038128128
2021-02-09 11:30:34 INFO  MutableVolumeSet:179 - Added Volume : /data/disk28/elek/hdds to VolumeSet
2021-02-09 11:30:34 INFO  SaveSpaceUsageToFile:94 - Cached usage info file /data/disk29/elek/scmUsed not found
2021-02-09 11:30:34 INFO  HddsVolume:176 - Creating Volume: /data/disk29/elek/hdds of storage type : DISK and capacity : 5999038128128
2021-02-09 11:30:34 INFO  MutableVolumeSet:179 - Added Volume : /data/disk29/elek/hdds to VolumeSet
2021-02-09 11:30:34 INFO  SaveSpaceUsageToFile:94 - Cached usage info file /data/disk30/elek/scmUsed not found
2021-02-09 11:30:34 INFO  HddsVolume:176 - Creating Volume: /data/disk30/elek/hdds of storage type : DISK and capacity : 5999038128128
2021-02-09 11:30:34 INFO  MutableVolumeSet:179 - Added Volume : /data/disk30/elek/hdds to VolumeSet
2021-02-09 11:30:34 INFO  SaveSpaceUsageToFile:94 - Cached usage info file /data/disk31/elek/scmUsed not found
2021-02-09 11:30:34 INFO  HddsVolume:176 - Creating Volume: /data/disk31/elek/hdds of storage type : DISK and capacity : 5999038128128
2021-02-09 11:30:34 INFO  ProgressBar:163 - Progress: 0.00 % (0 out of 250000)
2021-02-09 11:30:35 INFO  MutableVolumeSet:179 - Added Volume : /data/disk31/elek/hdds to VolumeSet
2021-02-09 11:30:35 INFO  SaveSpaceUsageToFile:94 - Cached usage info file /data/disk32/elek/scmUsed not found
2021-02-09 11:30:35 INFO  HddsVolume:176 - Creating Volume: /data/disk32/elek/hdds of storage type : DISK and capacity : 5999038128128
2021-02-09 11:30:35 INFO  MutableVolumeSet:179 - Added Volume : /data/disk32/elek/hdds to VolumeSet
2021-02-09 11:30:35 INFO  SaveSpaceUsageToFile:94 - Cached usage info file /data/disk33/elek/scmUsed not found
2021-02-09 11:30:35 INFO  HddsVolume:176 - Creating Volume: /data/disk33/elek/hdds of storage type : DISK and capacity : 5999038128128
2021-02-09 11:30:35 INFO  MutableVolumeSet:179 - Added Volume : /data/disk33/elek/hdds to VolumeSet
2021-02-09 11:30:35 INFO  SaveSpaceUsageToFile:94 - Cached usage info file /data/disk34/elek/scmUsed not found
2021-02-09 11:30:35 INFO  HddsVolume:176 - Creating Volume: /data/disk34/elek/hdds of storage type : DISK and capacity : 5999038128128
2021-02-09 11:30:35 INFO  MutableVolumeSet:179 - Added Volume : /data/disk34/elek/hdds to VolumeSet
2021-02-09 11:30:35 INFO  SaveSpaceUsageToFile:94 - Cached usage info file /data/disk35/elek/scmUsed not found
2021-02-09 11:30:35 INFO  HddsVolume:176 - Creating Volume: /data/disk35/elek/hdds of storage type : DISK and capacity : 5999038128128
2021-02-09 11:30:35 INFO  MutableVolumeSet:179 - Added Volume : /data/disk35/elek/hdds to VolumeSet
2021-02-09 11:30:35 INFO  SaveSpaceUsageToFile:94 - Cached usage info file /data/disk36/elek/scmUsed not found
2021-02-09 11:30:35 INFO  HddsVolume:176 - Creating Volume: /data/disk36/elek/hdds of storage type : DISK and capacity : 5999038128128
2021-02-09 11:30:35 INFO  MutableVolumeSet:179 - Added Volume : /data/disk36/elek/hdds to VolumeSet
2021-02-09 11:30:35 INFO  SaveSpaceUsageToFile:94 - Cached usage info file /data/disk37/elek/scmUsed not found
2021-02-09 11:30:35 INFO  HddsVolume:176 - Creating Volume: /data/disk37/elek/hdds of storage type : DISK and capacity : 5999038128128
2021-02-09 11:30:35 INFO  MutableVolumeSet:179 - Added Volume : /data/disk37/elek/hdds to VolumeSet
2021-02-09 11:30:35 INFO  SaveSpaceUsageToFile:94 - Cached usage info file /data/disk38/elek/scmUsed not found
2021-02-09 11:30:35 INFO  HddsVolume:176 - Creating Volume: /data/disk38/elek/hdds of storage type : DISK and capacity : 5999038128128
2021-02-09 11:30:35 INFO  ProgressBar:163 - Progress: 0.00 % (0 out of 250000)
2021-02-09 11:30:35 INFO  MutableVolumeSet:179 - Added Volume : /data/disk38/elek/hdds to VolumeSet
2021-02-09 11:30:35 INFO  SaveSpaceUsageToFile:94 - Cached usage info file /data/disk39/elek/scmUsed not found
2021-02-09 11:30:35 INFO  HddsVolume:176 - Creating Volume: /data/disk39/elek/hdds of storage type : DISK and capacity : 5999038128128
2021-02-09 11:30:36 INFO  MutableVolumeSet:179 - Added Volume : /data/disk39/elek/hdds to VolumeSet
2021-02-09 11:30:36 INFO  SaveSpaceUsageToFile:94 - Cached usage info file /data/disk40/elek/scmUsed not found
2021-02-09 11:30:36 INFO  HddsVolume:176 - Creating Volume: /data/disk40/elek/hdds of storage type : DISK and capacity : 5999038128128
2021-02-09 11:30:36 INFO  MutableVolumeSet:179 - Added Volume : /data/disk40/elek/hdds to VolumeSet
2021-02-09 11:30:36 INFO  SaveSpaceUsageToFile:94 - Cached usage info file /data/disk41/elek/scmUsed not found
2021-02-09 11:30:36 INFO  HddsVolume:176 - Creating Volume: /data/disk41/elek/hdds of storage type : DISK and capacity : 5999038128128
2021-02-09 11:30:36 INFO  MutableVolumeSet:179 - Added Volume : /data/disk41/elek/hdds to VolumeSet
2021-02-09 11:30:36 INFO  SaveSpaceUsageToFile:94 - Cached usage info file /data/disk42/elek/scmUsed not found
2021-02-09 11:30:36 INFO  HddsVolume:176 - Creating Volume: /data/disk42/elek/hdds of storage type : DISK and capacity : 5999038128128
2021-02-09 11:30:36 INFO  MutableVolumeSet:179 - Added Volume : /data/disk42/elek/hdds to VolumeSet
2021-02-09 11:30:36 INFO  SaveSpaceUsageToFile:94 - Cached usage info file /data/disk43/elek/scmUsed not found
2021-02-09 11:30:36 INFO  HddsVolume:176 - Creating Volume: /data/disk43/elek/hdds of storage type : DISK and capacity : 5999038128128
2021-02-09 11:30:36 INFO  MutableVolumeSet:179 - Added Volume : /data/disk43/elek/hdds to VolumeSet
2021-02-09 11:30:36 INFO  SaveSpaceUsageToFile:94 - Cached usage info file /data/disk44/elek/scmUsed not found
2021-02-09 11:30:36 INFO  HddsVolume:176 - Creating Volume: /data/disk44/elek/hdds of storage type : DISK and capacity : 5999038128128
2021-02-09 11:30:36 INFO  MutableVolumeSet:179 - Added Volume : /data/disk44/elek/hdds to VolumeSet
2021-02-09 11:30:36 INFO  SaveSpaceUsageToFile:94 - Cached usage info file /data/disk45/elek/scmUsed not found
2021-02-09 11:30:36 INFO  HddsVolume:176 - Creating Volume: /data/disk45/elek/hdds of storage type : DISK and capacity : 5999038128128
2021-02-09 11:30:36 INFO  ProgressBar:163 - Progress: 0.00 % (0 out of 250000)
2021-02-09 11:30:36 INFO  MutableVolumeSet:179 - Added Volume : /data/disk45/elek/hdds to VolumeSet
2021-02-09 11:30:36 INFO  SaveSpaceUsageToFile:94 - Cached usage info file /data/disk46/elek/scmUsed not found
2021-02-09 11:30:36 INFO  HddsVolume:176 - Creating Volume: /data/disk46/elek/hdds of storage type : DISK and capacity : 5999038128128
2021-02-09 11:30:37 INFO  MutableVolumeSet:179 - Added Volume : /data/disk46/elek/hdds to VolumeSet
2021-02-09 11:30:37 INFO  SaveSpaceUsageToFile:94 - Cached usage info file /data/disk47/elek/scmUsed not found
2021-02-09 11:30:37 INFO  HddsVolume:176 - Creating Volume: /data/disk47/elek/hdds of storage type : DISK and capacity : 5999038128128
2021-02-09 11:30:37 INFO  MutableVolumeSet:179 - Added Volume : /data/disk47/elek/hdds to VolumeSet
2021-02-09 11:30:37 INFO  SaveSpaceUsageToFile:94 - Cached usage info file /data/disk48/elek/scmUsed not found
2021-02-09 11:30:37 INFO  HddsVolume:176 - Creating Volume: /data/disk48/elek/hdds of storage type : DISK and capacity : 5999038128128
2021-02-09 11:30:37 INFO  MutableVolumeSet:179 - Added Volume : /data/disk48/elek/hdds to VolumeSet
2021-02-09 11:30:37 INFO  ThrottledAsyncChecker:141 - Scheduling a check for /data/disk40/elek/hdds
2021-02-09 11:30:37 INFO  HddsVolumeChecker:200 - Scheduled health check for volume /data/disk40/elek/hdds
2021-02-09 11:30:37 INFO  ThrottledAsyncChecker:141 - Scheduling a check for /data/disk2/elek/hdds
2021-02-09 11:30:37 INFO  HddsVolumeChecker:200 - Scheduled health check for volume /data/disk2/elek/hdds
2021-02-09 11:30:37 INFO  ThrottledAsyncChecker:141 - Scheduling a check for /data/disk36/elek/hdds
2021-02-09 11:30:37 INFO  HddsVolumeChecker:200 - Scheduled health check for volume /data/disk36/elek/hdds
2021-02-09 11:30:37 INFO  ThrottledAsyncChecker:141 - Scheduling a check for /data/disk10/elek/hdds
2021-02-09 11:30:37 INFO  HddsVolumeChecker:200 - Scheduled health check for volume /data/disk10/elek/hdds
2021-02-09 11:30:37 INFO  ThrottledAsyncChecker:141 - Scheduling a check for /data/disk23/elek/hdds
2021-02-09 11:30:37 INFO  HddsVolumeChecker:200 - Scheduled health check for volume /data/disk23/elek/hdds
2021-02-09 11:30:37 INFO  ThrottledAsyncChecker:141 - Scheduling a check for /data/disk6/elek/hdds
2021-02-09 11:30:37 INFO  HddsVolumeChecker:200 - Scheduled health check for volume /data/disk6/elek/hdds
2021-02-09 11:30:37 INFO  ThrottledAsyncChecker:141 - Scheduling a check for /data/disk17/elek/hdds
2021-02-09 11:30:37 INFO  HddsVolumeChecker:200 - Scheduled health check for volume /data/disk17/elek/hdds
2021-02-09 11:30:37 INFO  ThrottledAsyncChecker:141 - Scheduling a check for /data/disk39/elek/hdds
2021-02-09 11:30:37 INFO  HddsVolumeChecker:200 - Scheduled health check for volume /data/disk39/elek/hdds
2021-02-09 11:30:37 INFO  ThrottledAsyncChecker:141 - Scheduling a check for /data/disk26/elek/hdds
2021-02-09 11:30:37 INFO  HddsVolumeChecker:200 - Scheduled health check for volume /data/disk26/elek/hdds
2021-02-09 11:30:37 INFO  ThrottledAsyncChecker:141 - Scheduling a check for /data/disk13/elek/hdds
2021-02-09 11:30:37 INFO  HddsVolumeChecker:200 - Scheduled health check for volume /data/disk13/elek/hdds
2021-02-09 11:30:37 INFO  ThrottledAsyncChecker:141 - Scheduling a check for /data/disk32/elek/hdds
2021-02-09 11:30:37 INFO  HddsVolumeChecker:200 - Scheduled health check for volume /data/disk32/elek/hdds
2021-02-09 11:30:37 INFO  ThrottledAsyncChecker:141 - Scheduling a check for /data/disk45/elek/hdds
2021-02-09 11:30:37 INFO  HddsVolumeChecker:200 - Scheduled health check for volume /data/disk45/elek/hdds
2021-02-09 11:30:37 INFO  ThrottledAsyncChecker:141 - Scheduling a check for /data/disk28/elek/hdds
2021-02-09 11:30:37 INFO  HddsVolumeChecker:200 - Scheduled health check for volume /data/disk28/elek/hdds
2021-02-09 11:30:37 INFO  ThrottledAsyncChecker:141 - Scheduling a check for /data/disk42/elek/hdds
2021-02-09 11:30:37 INFO  HddsVolumeChecker:200 - Scheduled health check for volume /data/disk42/elek/hdds
2021-02-09 11:30:37 INFO  ThrottledAsyncChecker:141 - Scheduling a check for /data/disk8/elek/hdds
2021-02-09 11:30:37 INFO  HddsVolumeChecker:200 - Scheduled health check for volume /data/disk8/elek/hdds
2021-02-09 11:30:37 INFO  ThrottledAsyncChecker:141 - Scheduling a check for /data/disk15/elek/hdds
2021-02-09 11:30:37 INFO  HddsVolumeChecker:200 - Scheduled health check for volume /data/disk15/elek/hdds
2021-02-09 11:30:37 INFO  ThrottledAsyncChecker:141 - Scheduling a check for /data/disk47/elek/hdds
2021-02-09 11:30:37 INFO  HddsVolumeChecker:200 - Scheduled health check for volume /data/disk47/elek/hdds
2021-02-09 11:30:37 INFO  ThrottledAsyncChecker:141 - Scheduling a check for /data/disk34/elek/hdds
2021-02-09 11:30:37 INFO  HddsVolumeChecker:200 - Scheduled health check for volume /data/disk34/elek/hdds
2021-02-09 11:30:37 INFO  ThrottledAsyncChecker:141 - Scheduling a check for /data/disk21/elek/hdds
2021-02-09 11:30:37 INFO  HddsVolumeChecker:200 - Scheduled health check for volume /data/disk21/elek/hdds
2021-02-09 11:30:37 INFO  ThrottledAsyncChecker:141 - Scheduling a check for /data/disk3/elek/hdds
2021-02-09 11:30:37 INFO  HddsVolumeChecker:200 - Scheduled health check for volume /data/disk3/elek/hdds
2021-02-09 11:30:37 INFO  ThrottledAsyncChecker:141 - Scheduling a check for /data/disk35/elek/hdds
2021-02-09 11:30:37 INFO  HddsVolumeChecker:200 - Scheduled health check for volume /data/disk35/elek/hdds
2021-02-09 11:30:37 INFO  ThrottledAsyncChecker:141 - Scheduling a check for /data/disk16/elek/hdds
2021-02-09 11:30:37 INFO  HddsVolumeChecker:200 - Scheduled health check for volume /data/disk16/elek/hdds
2021-02-09 11:30:37 INFO  ThrottledAsyncChecker:141 - Scheduling a check for /data/disk22/elek/hdds
2021-02-09 11:30:37 INFO  HddsVolumeChecker:200 - Scheduled health check for volume /data/disk22/elek/hdds
2021-02-09 11:30:37 INFO  ThrottledAsyncChecker:141 - Scheduling a check for /data/disk18/elek/hdds
2021-02-09 11:30:37 INFO  HddsVolumeChecker:200 - Scheduled health check for volume /data/disk18/elek/hdds
2021-02-09 11:30:37 INFO  ThrottledAsyncChecker:141 - Scheduling a check for /data/disk20/elek/hdds
2021-02-09 11:30:37 INFO  HddsVolumeChecker:200 - Scheduled health check for volume /data/disk20/elek/hdds
2021-02-09 11:30:37 INFO  ThrottledAsyncChecker:141 - Scheduling a check for /data/disk48/elek/hdds
2021-02-09 11:30:37 INFO  HddsVolumeChecker:200 - Scheduled health check for volume /data/disk48/elek/hdds
2021-02-09 11:30:37 INFO  ThrottledAsyncChecker:141 - Scheduling a check for /data/disk37/elek/hdds
2021-02-09 11:30:37 INFO  HddsVolumeChecker:200 - Scheduled health check for volume /data/disk37/elek/hdds
2021-02-09 11:30:37 INFO  ThrottledAsyncChecker:141 - Scheduling a check for /data/disk5/elek/hdds
2021-02-09 11:30:37 INFO  HddsVolumeChecker:200 - Scheduled health check for volume /data/disk5/elek/hdds
2021-02-09 11:30:37 INFO  ThrottledAsyncChecker:141 - Scheduling a check for /data/disk43/elek/hdds
2021-02-09 11:30:37 INFO  HddsVolumeChecker:200 - Scheduled health check for volume /data/disk43/elek/hdds
2021-02-09 11:30:37 INFO  ThrottledAsyncChecker:141 - Scheduling a check for /data/disk11/elek/hdds
2021-02-09 11:30:37 INFO  HddsVolumeChecker:200 - Scheduled health check for volume /data/disk11/elek/hdds
2021-02-09 11:30:37 INFO  ThrottledAsyncChecker:141 - Scheduling a check for /data/disk29/elek/hdds
2021-02-09 11:30:37 INFO  HddsVolumeChecker:200 - Scheduled health check for volume /data/disk29/elek/hdds
2021-02-09 11:30:37 INFO  ThrottledAsyncChecker:141 - Scheduling a check for /data/disk24/elek/hdds
2021-02-09 11:30:37 INFO  HddsVolumeChecker:200 - Scheduled health check for volume /data/disk24/elek/hdds
2021-02-09 11:30:37 INFO  ThrottledAsyncChecker:141 - Scheduling a check for /data/disk31/elek/hdds
2021-02-09 11:30:37 INFO  HddsVolumeChecker:200 - Scheduled health check for volume /data/disk31/elek/hdds
2021-02-09 11:30:37 INFO  ThrottledAsyncChecker:141 - Scheduling a check for /data/disk44/elek/hdds
2021-02-09 11:30:37 INFO  HddsVolumeChecker:200 - Scheduled health check for volume /data/disk44/elek/hdds
2021-02-09 11:30:37 INFO  ThrottledAsyncChecker:141 - Scheduling a check for /data/disk12/elek/hdds
2021-02-09 11:30:37 INFO  HddsVolumeChecker:200 - Scheduled health check for volume /data/disk12/elek/hdds
2021-02-09 11:30:37 INFO  ThrottledAsyncChecker:141 - Scheduling a check for /data/disk25/elek/hdds
2021-02-09 11:30:37 INFO  HddsVolumeChecker:200 - Scheduled health check for volume /data/disk25/elek/hdds
2021-02-09 11:30:37 INFO  ThrottledAsyncChecker:141 - Scheduling a check for /data/disk30/elek/hdds
2021-02-09 11:30:37 INFO  HddsVolumeChecker:200 - Scheduled health check for volume /data/disk30/elek/hdds
2021-02-09 11:30:37 INFO  ThrottledAsyncChecker:141 - Scheduling a check for /data/disk7/elek/hdds
2021-02-09 11:30:37 INFO  HddsVolumeChecker:200 - Scheduled health check for volume /data/disk7/elek/hdds
2021-02-09 11:30:37 INFO  ThrottledAsyncChecker:141 - Scheduling a check for /data/disk38/elek/hdds
2021-02-09 11:30:37 INFO  HddsVolumeChecker:200 - Scheduled health check for volume /data/disk38/elek/hdds
2021-02-09 11:30:37 INFO  ThrottledAsyncChecker:141 - Scheduling a check for /data/disk33/elek/hdds
2021-02-09 11:30:37 INFO  HddsVolumeChecker:200 - Scheduled health check for volume /data/disk33/elek/hdds
2021-02-09 11:30:37 INFO  ThrottledAsyncChecker:141 - Scheduling a check for /data/disk4/elek/hdds
2021-02-09 11:30:37 INFO  HddsVolumeChecker:200 - Scheduled health check for volume /data/disk4/elek/hdds
2021-02-09 11:30:37 INFO  ThrottledAsyncChecker:141 - Scheduling a check for /data/disk9/elek/hdds
2021-02-09 11:30:37 INFO  HddsVolumeChecker:200 - Scheduled health check for volume /data/disk9/elek/hdds
2021-02-09 11:30:37 INFO  ThrottledAsyncChecker:141 - Scheduling a check for /data/disk46/elek/hdds
2021-02-09 11:30:37 INFO  HddsVolumeChecker:200 - Scheduled health check for volume /data/disk46/elek/hdds
2021-02-09 11:30:37 INFO  ThrottledAsyncChecker:141 - Scheduling a check for /data/disk19/elek/hdds
2021-02-09 11:30:37 INFO  HddsVolumeChecker:200 - Scheduled health check for volume /data/disk19/elek/hdds
2021-02-09 11:30:37 INFO  ThrottledAsyncChecker:141 - Scheduling a check for /data/disk27/elek/hdds
2021-02-09 11:30:37 INFO  HddsVolumeChecker:200 - Scheduled health check for volume /data/disk27/elek/hdds
2021-02-09 11:30:37 INFO  ThrottledAsyncChecker:141 - Scheduling a check for /data/disk14/elek/hdds
2021-02-09 11:30:37 INFO  HddsVolumeChecker:200 - Scheduled health check for volume /data/disk14/elek/hdds
2021-02-09 11:30:37 INFO  ThrottledAsyncChecker:141 - Scheduling a check for /data/disk41/elek/hdds
2021-02-09 11:30:37 INFO  HddsVolumeChecker:200 - Scheduled health check for volume /data/disk41/elek/hdds
2021-02-09 11:30:37 INFO  ProgressBar:163 - Progress: 0.00 % (0 out of 250000)
2021-02-09 11:30:38 WARN  NativeCodeLoader:60 - Unable to load native-hadoop library for your platform... using builtin-java classes where applicable
2021-02-09 11:30:38 INFO  ProgressBar:163 - Progress: 0.00 % (0 out of 250000)
2021-02-09 11:30:39 INFO  ProgressBar:163 - Progress: 0.00 % (0 out of 250000)
2021-02-09 11:30:40 INFO  ProgressBar:163 - Progress: 0.00 % (0 out of 250000)
2021-02-09 11:30:41 INFO  ProgressBar:163 - Progress: 0.00 % (0 out of 250000)
2021-02-09 11:30:42 INFO  ProgressBar:163 - Progress: 0.00 % (0 out of 250000)
2021-02-09 11:30:43 INFO  ProgressBar:163 - Progress: 0.00 % (0 out of 250000)
2021-02-09 11:30:44 INFO  ProgressBar:163 - Progress: 0.00 % (0 out of 250000)
2021-02-09 11:30:45 INFO  ProgressBar:163 - Progress: 0.00 % (0 out of 250000)
2021-02-09 11:30:46 INFO  ProgressBar:163 - Progress: 0.00 % (0 out of 250000)
2021-02-09 11:30:47 INFO  ProgressBar:163 - Progress: 0.00 % (0 out of 250000)
2021-02-09 11:30:48 INFO  ProgressBar:163 - Progress: 0.00 % (0 out of 250000)
2021-02-09 11:30:49 INFO  ProgressBar:163 - Progress: 0.00 % (0 out of 250000)
2021-02-09 11:30:50 INFO  ProgressBar:163 - Progress: 0.00 % (0 out of 250000)
2021-02-09 11:30:51 INFO  ProgressBar:163 - Progress: 0.00 % (0 out of 250000)
2021-02-09 11:30:52 INFO  ProgressBar:163 - Progress: 0.00 % (0 out of 250000)
2021-02-09 11:30:53 INFO  ProgressBar:163 - Progress: 0.00 % (0 out of 250000)
2021-02-09 11:30:54 INFO  ProgressBar:163 - Progress: 0.00 % (0 out of 250000)
2021-02-09 11:30:55 INFO  ProgressBar:163 - Progress: 0.00 % (0 out of 250000)
2021-02-09 11:30:56 INFO  ProgressBar:163 - Progress: 0.00 % (0 out of 250000)
2021-02-09 11:30:57 INFO  ProgressBar:163 - Progress: 0.00 % (0 out of 250000)
2021-02-09 11:30:58 INFO  ProgressBar:163 - Progress: 0.00 % (0 out of 250000)
2021-02-09 11:30:59 INFO  ProgressBar:163 - Progress: 0.00 % (0 out of 250000)
2021-02-09 11:31:00 INFO  ProgressBar:163 - Progress: 0.00 % (0 out of 250000)
2021-02-09 11:31:01 INFO  ProgressBar:163 - Progress: 0.00 % (0 out of 250000)
2021-02-09 11:31:02 INFO  ProgressBar:163 - Progress: 0.00 % (0 out of 250000)
2021-02-09 11:31:03 INFO  ProgressBar:163 - Progress: 0.00 % (0 out of 250000)
2021-02-09 11:31:04 INFO  ProgressBar:163 - Progress: 0.00 % (0 out of 250000)
2021-02-09 11:31:05 INFO  ProgressBar:163 - Progress: 0.00 % (0 out of 250000)
2021-02-09 11:31:06 INFO  ProgressBar:163 - Progress: 0.00 % (0 out of 250000)
2021-02-09 11:31:07 INFO  ChunkManagerDiskWrite:142 - Running chunk write test: threads=48 chunkSize=4194304 chunksPerBlock=16 layout=ChunkLayout:v2
2021-02-09 11:31:07 INFO  ProgressBar:163 - Progress: 0.53 % (1322 out of 250000)
2021-02-09 11:31:08 INFO  ProgressBar:163 - Progress: 1.99 % (4986 out of 250000)
2021-02-09 11:31:09 INFO  ProgressBar:163 - Progress: 3.40 % (8502 out of 250000)
2021-02-09 11:31:10 INFO  ProgressBar:163 - Progress: 5.31 % (13270 out of 250000)
2021-02-09 11:31:11 INFO  ProgressBar:163 - Progress: 7.34 % (18346 out of 250000)
2021-02-09 11:31:12 INFO  ProgressBar:163 - Progress: 9.45 % (23636 out of 250000)
2021-02-09 11:31:13 INFO  ProgressBar:163 - Progress: 10.79 % (26980 out of 250000)
2021-02-09 11:31:14 INFO  ProgressBar:163 - Progress: 11.73 % (29324 out of 250000)
2021-02-09 11:31:15 INFO  ProgressBar:163 - Progress: 12.60 % (31504 out of 250000)
2021-02-09 11:31:16 INFO  ProgressBar:163 - Progress: 13.44 % (33604 out of 250000)
2021-02-09 11:31:17 INFO  ProgressBar:163 - Progress: 14.26 % (35655 out of 250000)
2021-02-09 11:31:18 INFO  ProgressBar:163 - Progress: 15.07 % (37680 out of 250000)
2021-02-09 11:31:19 INFO  ProgressBar:163 - Progress: 15.87 % (39673 out of 250000)
2021-02-09 11:31:20 INFO  ProgressBar:163 - Progress: 16.65 % (41626 out of 250000)
2021-02-09 11:31:21 INFO  ProgressBar:163 - Progress: 17.43 % (43570 out of 250000)
2021-02-09 11:31:22 INFO  ProgressBar:163 - Progress: 18.20 % (45505 out of 250000)
2021-02-09 11:31:23 INFO  ProgressBar:163 - Progress: 18.98 % (47438 out of 250000)
2021-02-09 11:31:24 INFO  ProgressBar:163 - Progress: 19.74 % (49359 out of 250000)
2021-02-09 11:31:25 INFO  ProgressBar:163 - Progress: 20.50 % (51262 out of 250000)
2021-02-09 11:31:26 INFO  ProgressBar:163 - Progress: 21.26 % (53160 out of 250000)
2021-02-09 11:31:28 INFO  ProgressBar:163 - Progress: 22.02 % (55051 out of 250000)
2021-02-09 11:31:29 INFO  ProgressBar:163 - Progress: 22.78 % (56954 out of 250000)
2021-02-09 11:31:30 INFO  ProgressBar:163 - Progress: 23.53 % (58826 out of 250000)
2021-02-09 11:31:31 INFO  ProgressBar:163 - Progress: 24.28 % (60709 out of 250000)
2021-02-09 11:31:32 INFO  ProgressBar:163 - Progress: 25.04 % (62592 out of 250000)
2021-02-09 11:31:33 INFO  ProgressBar:163 - Progress: 25.79 % (64464 out of 250000)
2021-02-09 11:31:34 INFO  ProgressBar:163 - Progress: 26.54 % (66355 out of 250000)
2021-02-09 11:31:35 INFO  ProgressBar:163 - Progress: 27.30 % (68247 out of 250000)
2021-02-09 11:31:36 INFO  ProgressBar:163 - Progress: 28.05 % (70135 out of 250000)
2021-02-09 11:31:37 INFO  ProgressBar:163 - Progress: 28.81 % (72022 out of 250000)
2021-02-09 11:31:38 INFO  ProgressBar:163 - Progress: 29.58 % (73941 out of 250000)
2021-02-09 11:31:39 INFO  ProgressBar:163 - Progress: 30.34 % (75851 out of 250000)
2021-02-09 11:31:40 INFO  ProgressBar:163 - Progress: 31.11 % (77777 out of 250000)
2021-02-09 11:31:41 INFO  ProgressBar:163 - Progress: 31.87 % (79680 out of 250000)
2021-02-09 11:31:42 INFO  ProgressBar:163 - Progress: 32.61 % (81536 out of 250000)
2021-02-09 11:31:43 INFO  ProgressBar:163 - Progress: 33.30 % (83262 out of 250000)
2021-02-09 11:31:44 INFO  ProgressBar:163 - Progress: 34.01 % (85015 out of 250000)
2021-02-09 11:31:45 INFO  ProgressBar:163 - Progress: 34.68 % (86706 out of 250000)
2021-02-09 11:31:46 INFO  ProgressBar:163 - Progress: 35.35 % (88385 out of 250000)
2021-02-09 11:31:47 INFO  ProgressBar:163 - Progress: 36.03 % (90071 out of 250000)
2021-02-09 11:31:48 INFO  ProgressBar:163 - Progress: 36.74 % (91841 out of 250000)
2021-02-09 11:31:49 INFO  ProgressBar:163 - Progress: 37.49 % (93721 out of 250000)
2021-02-09 11:31:50 INFO  ProgressBar:163 - Progress: 38.25 % (95635 out of 250000)
2021-02-09 11:31:51 INFO  ProgressBar:163 - Progress: 39.03 % (97567 out of 250000)
2021-02-09 11:31:52 INFO  ProgressBar:163 - Progress: 39.85 % (99635 out of 250000)
2021-02-09 11:31:53 INFO  ProgressBar:163 - Progress: 40.66 % (101661 out of 250000)
2021-02-09 11:31:54 INFO  ProgressBar:163 - Progress: 41.48 % (103708 out of 250000)
2021-02-09 11:31:55 INFO  ProgressBar:163 - Progress: 42.27 % (105675 out of 250000)
2021-02-09 11:31:56 INFO  ProgressBar:163 - Progress: 43.05 % (107619 out of 250000)
2021-02-09 11:31:57 INFO  ProgressBar:163 - Progress: 43.84 % (109588 out of 250000)
2021-02-09 11:31:58 INFO  ProgressBar:163 - Progress: 44.64 % (111589 out of 250000)
2021-02-09 11:31:59 INFO  ProgressBar:163 - Progress: 45.42 % (113546 out of 250000)
2021-02-09 11:32:00 INFO  ProgressBar:163 - Progress: 46.18 % (115460 out of 250000)
2021-02-09 11:32:01 INFO  ProgressBar:163 - Progress: 46.95 % (117377 out of 250000)
2021-02-09 11:32:02 INFO  ProgressBar:163 - Progress: 47.71 % (119277 out of 250000)
2021-02-09 11:32:03 INFO  ProgressBar:163 - Progress: 48.47 % (121164 out of 250000)
2021-02-09 11:32:04 INFO  ProgressBar:163 - Progress: 49.22 % (123040 out of 250000)
2021-02-09 11:32:05 INFO  ProgressBar:163 - Progress: 49.96 % (124888 out of 250000)
2021-02-09 11:32:06 INFO  ProgressBar:163 - Progress: 50.70 % (126750 out of 250000)
2021-02-09 11:32:07 INFO  ProgressBar:163 - Progress: 51.48 % (128694 out of 250000)
2021-02-09 11:32:08 INFO  ProgressBar:163 - Progress: 52.25 % (130620 out of 250000)
2021-02-09 11:32:09 INFO  ProgressBar:163 - Progress: 53.00 % (132493 out of 250000)
2021-02-09 11:32:10 INFO  ProgressBar:163 - Progress: 53.77 % (134429 out of 250000)
2021-02-09 11:32:11 INFO  ProgressBar:163 - Progress: 54.55 % (136364 out of 250000)
2021-02-09 11:32:12 INFO  ProgressBar:163 - Progress: 55.32 % (138297 out of 250000)
2021-02-09 11:32:13 INFO  ProgressBar:163 - Progress: 56.12 % (140302 out of 250000)
2021-02-09 11:32:14 INFO  ProgressBar:163 - Progress: 56.90 % (142254 out of 250000)
2021-02-09 11:32:15 INFO  ProgressBar:163 - Progress: 57.66 % (144155 out of 250000)
2021-02-09 11:32:16 INFO  ProgressBar:163 - Progress: 58.42 % (146055 out of 250000)
2021-02-09 11:32:17 INFO  ProgressBar:163 - Progress: 59.20 % (147991 out of 250000)
2021-02-09 11:32:18 INFO  ProgressBar:163 - Progress: 60.02 % (150044 out of 250000)
2021-02-09 11:32:19 INFO  ProgressBar:163 - Progress: 60.81 % (152035 out of 250000)
2021-02-09 11:32:20 INFO  ProgressBar:163 - Progress: 61.59 % (153984 out of 250000)
2021-02-09 11:32:21 INFO  ProgressBar:163 - Progress: 62.37 % (155935 out of 250000)
2021-02-09 11:32:22 INFO  ProgressBar:163 - Progress: 63.15 % (157870 out of 250000)
2021-02-09 11:32:23 INFO  ProgressBar:163 - Progress: 63.93 % (159830 out of 250000)
2021-02-09 11:32:24 INFO  ProgressBar:163 - Progress: 64.72 % (161794 out of 250000)
2021-02-09 11:32:25 INFO  ProgressBar:163 - Progress: 65.52 % (163794 out of 250000)
2021-02-09 11:32:26 INFO  ProgressBar:163 - Progress: 66.31 % (165763 out of 250000)
2021-02-09 11:32:27 INFO  ProgressBar:163 - Progress: 67.08 % (167705 out of 250000)
2021-02-09 11:32:28 INFO  ProgressBar:163 - Progress: 67.85 % (169625 out of 250000)
2021-02-09 11:32:29 INFO  ProgressBar:163 - Progress: 68.62 % (171542 out of 250000)
2021-02-09 11:32:30 INFO  ProgressBar:163 - Progress: 69.39 % (173477 out of 250000)
2021-02-09 11:32:31 INFO  ProgressBar:163 - Progress: 70.17 % (175437 out of 250000)
2021-02-09 11:32:32 INFO  ProgressBar:163 - Progress: 70.96 % (177397 out of 250000)
2021-02-09 11:32:33 INFO  ProgressBar:163 - Progress: 71.74 % (179353 out of 250000)
2021-02-09 11:32:34 INFO  ProgressBar:163 - Progress: 72.52 % (181307 out of 250000)
2021-02-09 11:32:35 INFO  ProgressBar:163 - Progress: 73.30 % (183262 out of 250000)
2021-02-09 11:32:36 INFO  ProgressBar:163 - Progress: 74.09 % (185221 out of 250000)
2021-02-09 11:32:37 INFO  ProgressBar:163 - Progress: 74.87 % (187175 out of 250000)
2021-02-09 11:32:38 INFO  ProgressBar:163 - Progress: 75.65 % (189120 out of 250000)
2021-02-09 11:32:39 INFO  ProgressBar:163 - Progress: 76.43 % (191071 out of 250000)
2021-02-09 11:32:40 INFO  ProgressBar:163 - Progress: 77.19 % (192983 out of 250000)
2021-02-09 11:32:41 INFO  ProgressBar:163 - Progress: 77.96 % (194910 out of 250000)
2021-02-09 11:32:42 INFO  ProgressBar:163 - Progress: 78.73 % (196821 out of 250000)
2021-02-09 11:32:43 INFO  ProgressBar:163 - Progress: 79.49 % (198716 out of 250000)
2021-02-09 11:32:44 INFO  ProgressBar:163 - Progress: 80.24 % (200599 out of 250000)
2021-02-09 11:32:45 INFO  ProgressBar:163 - Progress: 80.99 % (202479 out of 250000)
2021-02-09 11:32:46 INFO  ProgressBar:163 - Progress: 81.76 % (204401 out of 250000)
2021-02-09 11:32:47 INFO  ProgressBar:163 - Progress: 82.53 % (206321 out of 250000)
2021-02-09 11:32:48 INFO  ProgressBar:163 - Progress: 83.30 % (208255 out of 250000)
2021-02-09 11:32:49 INFO  ProgressBar:163 - Progress: 84.06 % (210159 out of 250000)
2021-02-09 11:32:50 INFO  ProgressBar:163 - Progress: 84.82 % (212039 out of 250000)
2021-02-09 11:32:51 INFO  ProgressBar:163 - Progress: 85.57 % (213934 out of 250000)
2021-02-09 11:32:52 INFO  ProgressBar:163 - Progress: 86.33 % (215832 out of 250000)
2021-02-09 11:32:53 INFO  ProgressBar:163 - Progress: 87.08 % (217707 out of 250000)
2021-02-09 11:32:54 INFO  ProgressBar:163 - Progress: 87.85 % (219637 out of 250000)
2021-02-09 11:32:55 INFO  ProgressBar:163 - Progress: 88.61 % (221528 out of 250000)
2021-02-09 11:32:56 INFO  ProgressBar:163 - Progress: 89.37 % (223420 out of 250000)
2021-02-09 11:32:57 INFO  ProgressBar:163 - Progress: 90.14 % (225346 out of 250000)
2021-02-09 11:32:58 INFO  ProgressBar:163 - Progress: 90.91 % (227266 out of 250000)
2021-02-09 11:32:59 INFO  ProgressBar:163 - Progress: 91.67 % (229185 out of 250000)
2021-02-09 11:33:00 INFO  ProgressBar:163 - Progress: 92.44 % (231105 out of 250000)
2021-02-09 11:33:01 INFO  ProgressBar:163 - Progress: 93.20 % (233007 out of 250000)
2021-02-09 11:33:02 INFO  ProgressBar:163 - Progress: 93.97 % (234914 out of 250000)
2021-02-09 11:33:03 INFO  ProgressBar:163 - Progress: 94.74 % (236841 out of 250000)
2021-02-09 11:33:04 INFO  ProgressBar:163 - Progress: 95.52 % (238805 out of 250000)
2021-02-09 11:33:05 INFO  ProgressBar:163 - Progress: 96.30 % (240743 out of 250000)
2021-02-09 11:33:06 INFO  ProgressBar:163 - Progress: 97.06 % (242656 out of 250000)
2021-02-09 11:33:07 INFO  ProgressBar:163 - Progress: 97.83 % (244579 out of 250000)
2021-02-09 11:33:08 INFO  ProgressBar:163 - Progress: 98.60 % (246502 out of 250000)
2021-02-09 11:33:09 INFO  ProgressBar:163 - Progress: 99.37 % (248428 out of 250000)
2021-02-09 11:33:10 INFO  ProgressBar:163 - Progress: 100.00 % (250000 out of 250000)
2021-02-09 11:33:10 INFO  metrics:107 - type=TIMER, name=chunk-write, count=250000, min=2.08647, max=87.832525, mean=24.751858251350782, stddev=6.925021696583599, median=23.907617, p75=26.922557, p95=32.911153, p98=39.576505, p99=59.130601, p999=66.030065, mean_rate=2031.5152104749727, m1=2279.6622499481564, m5=3553.871145132745, m15=4023.279328541806, rate_unit=events/second, duration_unit=milliseconds
2021-02-09 11:33:10 INFO  BaseFreonGenerator:75 - Total execution time (sec): 160
2021-02-09 11:33:10 INFO  BaseFreonGenerator:75 - Failures: 0
2021-02-09 11:33:10 INFO  BaseFreonGenerator:75 - Successful executions: 250000
++++++++++++++++++ sync

real	0m8.006s
user	0m0.002s
sys	0m0.036s
+++++++++++++++++++ date +%s.%N
++++++++++++++++++ END_TIME=1612870407.672202607
+++++++++++++++++++ echo 1612870407.672202607 1612870230.122765924
+++++++++++++++++++ awk '{print $1 - $2}'
Total time: 177.549
++++++++++++++++++ echo 'Total time: 177.549'
+++++++++++++++++++ hostname
++++++++++++++++++ echo 'Hostname: ozone-env-76f77bc9f9-lszph'
++++++++++++++++++ echo 'Test is Done'
++++++++++++++++++ sleep 100000
Hostname: ozone-env-76f77bc9f9-lszph
Test is Done
